=== Command ===
bash -c cd resources/repos/unity-ci-function && bash scripts/deploy.sh

=== Output ===
=== Building Go binary (linux/amd64) ===
=== Creating deployment package ===
=== Setting VM_SIZE app setting ===
WARNING: Could not detect runtime. To configure linuxFxVersion, please visit https://aka.ms/linuxFxVersion
[
  {
    "name": "FUNCTIONS_EXTENSION_VERSION",
    "slotSetting": false,
    "value": null
  },
  {
    "name": "AzureWebJobsStorage",
    "slotSetting": false,
    "value": null
  },
  {
    "name": "IMAGE_RESOURCE_ID",
    "slotSetting": false,
    "value": null
  },
  {
    "name": "AzureWebJobsDashboard",
    "slotSetting": false,
    "value": null
  },
  {
    "name": "WEBSITE_CONTENTAZUREFILECONNECTIONSTRING",
    "slotSetting": false,
    "value": null
  },
  {
    "name": "WEBSITE_CONTENTSHARE",
    "slotSetting": false,
    "value": null
  },
  {
    "name": "KEY_VAULT_NAME",
    "slotSetting": false,
    "value": null
  },
  {
    "name": "BATCH_ACCOUNT_URL",
    "slotSetting": false,
    "value": null
  },
  {
    "name": "WEBSITE_RUN_FROM_PACKAGE",
    "slotSetting": false,
    "value": null
  },
  {
    "name": "VM_SIZE",
    "slotSetting": false,
    "value": null
  }
]
=== Deploying to unity-ci-func ===
WARNING: Could not detect runtime. To configure linuxFxVersion, please visit https://aka.ms/linuxFxVersion
=== Cleanup ===
=== Done ===

