=== Command ===
bash -c cd resources/repos/unity-ci-bootstrap/terraform/persistent && terraform apply -auto-approve

=== Output ===
[0m[1mazurerm_resource_group.main: Refreshing state... [id=/subscriptions/2faf0e7b-616e-44d6-aea9-7b54f0664d84/resourceGroups/unity-ci-enabler-rg][0m
[0m[1mdata.azurerm_client_config.current: Reading...[0m[0m
[0m[1mdata.azurerm_client_config.current: Read complete after 0s [id=Y2xpZW50Q29uZmlncy9jbGllbnRJZD0wNGIwNzc5NS04ZGRiLTQ2MWEtYmJlZS0wMmY5ZTFiZjdiNDY7b2JqZWN0SWQ9MTRkZDlhNDUtMmQ1ZS00NjcwLTg4YjMtZTI1MWNkNzczNTE0O3N1YnNjcmlwdGlvbklkPTJmYWYwZTdiLTYxNmUtNDRkNi1hZWE5LTdiNTRmMDY2NGQ4NDt0ZW5hbnRJZD00ZGRkMzkzYS1lOThhLTQ0MDQtODQxZi1jNGJlY2RkOTI1YTU=][0m
[0m[1mazurerm_shared_image_gallery.main: Refreshing state... [id=/subscriptions/2faf0e7b-616e-44d6-aea9-7b54f0664d84/resourceGroups/unity-ci-enabler-rg/providers/Microsoft.Compute/galleries/unity_ci_gallery][0m
[0m[1mazurerm_service_plan.function: Refreshing state... [id=/subscriptions/2faf0e7b-616e-44d6-aea9-7b54f0664d84/resourceGroups/unity-ci-enabler-rg/providers/Microsoft.Web/serverFarms/unity-ci-func-plan][0m
[0m[1mazurerm_key_vault.main: Refreshing state... [id=/subscriptions/2faf0e7b-616e-44d6-aea9-7b54f0664d84/resourceGroups/unity-ci-enabler-rg/providers/Microsoft.KeyVault/vaults/unity-ci-kv][0m
[0m[1mazurerm_storage_account.function: Refreshing state... [id=/subscriptions/2faf0e7b-616e-44d6-aea9-7b54f0664d84/resourceGroups/unity-ci-enabler-rg/providers/Microsoft.Storage/storageAccounts/unitycifuncstorage][0m
[0m[1mazurerm_shared_image.main: Refreshing state... [id=/subscriptions/2faf0e7b-616e-44d6-aea9-7b54f0664d84/resourceGroups/unity-ci-enabler-rg/providers/Microsoft.Compute/galleries/unity_ci_gallery/images/unity-ci-build-image][0m
[0m[1mazurerm_batch_account.main: Refreshing state... [id=/subscriptions/2faf0e7b-616e-44d6-aea9-7b54f0664d84/resourceGroups/unity-ci-enabler-rg/providers/Microsoft.Batch/batchAccounts/unitycibatch][0m
[0m[1mazurerm_linux_function_app.main: Refreshing state... [id=/subscriptions/2faf0e7b-616e-44d6-aea9-7b54f0664d84/resourceGroups/unity-ci-enabler-rg/providers/Microsoft.Web/sites/unity-ci-func][0m
[0m[1mazurerm_key_vault_access_policy.function_app: Refreshing state... [id=/subscriptions/2faf0e7b-616e-44d6-aea9-7b54f0664d84/resourceGroups/unity-ci-enabler-rg/providers/Microsoft.KeyVault/vaults/unity-ci-kv/objectId/7f0b0966-e9b6-40e9-8540-cbb94ad20578][0m

Terraform used the selected providers to generate the following execution
plan. Resource actions are indicated with the following symbols:
  [32m+[0m create[0m
  [33m~[0m update in-place[0m

Terraform will perform the following actions:

[1m  # azurerm_key_vault.main[0m will be updated in-place
[0m  [33m~[0m[0m resource "azurerm_key_vault" "main" {
      [33m~[0m[0m access_policy                   = [
            {
                application_id          = [90mnull[0m[0m
                certificate_permissions = []
                key_permissions         = []
                object_id               = "14dd9a45-2d5e-4670-88b3-e251cd773514"
                secret_permissions      = [
                    "Get",
                    "Set",
                    "List",
                    "Delete",
                    "Purge",
                ]
                storage_permissions     = []
                tenant_id               = "4ddd393a-e98a-4404-841f-c4becdd925a5"
            },
          [31m-[0m[0m {
              [31m-[0m[0m certificate_permissions = []
              [31m-[0m[0m key_permissions         = []
              [31m-[0m[0m object_id               = "7f0b0966-e9b6-40e9-8540-cbb94ad20578"
              [31m-[0m[0m secret_permissions      = [
                  [31m-[0m[0m "Get",
                ]
              [31m-[0m[0m storage_permissions     = []
              [31m-[0m[0m tenant_id               = "4ddd393a-e98a-4404-841f-c4becdd925a5"
                [90m# (1 unchanged attribute hidden)[0m[0m
            },
        ]
        id                              = "/subscriptions/2faf0e7b-616e-44d6-aea9-7b54f0664d84/resourceGroups/unity-ci-enabler-rg/providers/Microsoft.KeyVault/vaults/unity-ci-kv"
        name                            = "unity-ci-kv"
        tags                            = {}
        [90m# (12 unchanged attributes hidden)[0m[0m

        [90m# (1 unchanged block hidden)[0m[0m
    }

[1m  # azurerm_linux_function_app.main[0m will be updated in-place
[0m  [33m~[0m[0m resource "azurerm_linux_function_app" "main" {
      [33m~[0m[0m app_settings                                   = {
          [31m-[0m[0m "VM_SIZE"                  = "Standard_D8ads_v5" [90m-> null[0m[0m
          [31m-[0m[0m "WEBSITE_RUN_FROM_PACKAGE" = "https://unitycifuncstorage.blob.core.windows.net/function-releases/20260309213709-141de4ac-1ffa-4e83-95b0-8f3f85a67da3.zip?st=2026-03-10T01%3A27%3A11Z&se=2036-02-26T01%3A37%3A11Z&sp=r&sv=2026-02-06&sr=b&sig=[REDACTED]" [90m-> null[0m[0m
            [90m# (3 unchanged elements hidden)[0m[0m
        }
        id                                             = "/subscriptions/2faf0e7b-616e-44d6-aea9-7b54f0664d84/resourceGroups/unity-ci-enabler-rg/providers/Microsoft.Web/sites/unity-ci-func"
        name                                           = "unity-ci-func"
        tags                                           = {}
        [90m# (31 unchanged attributes hidden)[0m[0m

      [31m-[0m[0m sticky_settings {
          [31m-[0m[0m app_setting_names       = [
              [31m-[0m[0m "APPINSIGHTS_INSTRUMENTATIONKEY",
              [31m-[0m[0m "APPLICATIONINSIGHTS_CONNECTION_STRING ",
              [31m-[0m[0m "APPINSIGHTS_PROFILERFEATURE_VERSION",
              [31m-[0m[0m "APPINSIGHTS_SNAPSHOTFEATURE_VERSION",
              [31m-[0m[0m "ApplicationInsightsAgent_EXTENSION_VERSION",
              [31m-[0m[0m "XDT_MicrosoftApplicationInsights_BaseExtensions",
              [31m-[0m[0m "DiagnosticServices_EXTENSION_VERSION",
              [31m-[0m[0m "InstrumentationEngine_EXTENSION_VERSION",
              [31m-[0m[0m "SnapshotDebugger_EXTENSION_VERSION",
              [31m-[0m[0m "XDT_MicrosoftApplicationInsights_Mode",
              [31m-[0m[0m "XDT_MicrosoftApplicationInsights_PreemptSdk",
              [31m-[0m[0m "APPLICATIONINSIGHTS_CONFIGURATION_CONTENT",
              [31m-[0m[0m "XDT_MicrosoftApplicationInsightsJava",
              [31m-[0m[0m "XDT_MicrosoftApplicationInsights_NodeJS",
            ] [90m-> null[0m[0m
          [31m-[0m[0m connection_string_names = [] [90m-> null[0m[0m
        }

        [90m# (2 unchanged blocks hidden)[0m[0m
    }

[1m  # azurerm_role_assignment.function_batch_contributor[0m will be created
[0m  [32m+[0m[0m resource "azurerm_role_assignment" "function_batch_contributor" {
      [32m+[0m[0m id                               = (known after apply)
      [32m+[0m[0m name                             = (known after apply)
      [32m+[0m[0m principal_id                     = "7f0b0966-e9b6-40e9-8540-cbb94ad20578"
      [32m+[0m[0m principal_type                   = (known after apply)
      [32m+[0m[0m role_definition_id               = (known after apply)
      [32m+[0m[0m role_definition_name             = "Contributor"
      [32m+[0m[0m scope                            = "/subscriptions/2faf0e7b-616e-44d6-aea9-7b54f0664d84/resourceGroups/unity-ci-enabler-rg/providers/Microsoft.Batch/batchAccounts/unitycibatch"
      [32m+[0m[0m skip_service_principal_aad_check = (known after apply)
    }

[1mPlan:[0m [0m1 to add, 2 to change, 0 to destroy.
[0m[1mazurerm_key_vault.main: Modifying... [id=/subscriptions/2faf0e7b-616e-44d6-aea9-7b54f0664d84/resourceGroups/unity-ci-enabler-rg/providers/Microsoft.KeyVault/vaults/unity-ci-kv][0m[0m
[0m[1mazurerm_key_vault.main: Modifications complete after 8s [id=/subscriptions/2faf0e7b-616e-44d6-aea9-7b54f0664d84/resourceGroups/unity-ci-enabler-rg/providers/Microsoft.KeyVault/vaults/unity-ci-kv][0m
[0m[1mazurerm_linux_function_app.main: Modifying... [id=/subscriptions/2faf0e7b-616e-44d6-aea9-7b54f0664d84/resourceGroups/unity-ci-enabler-rg/providers/Microsoft.Web/sites/unity-ci-func][0m[0m
[0m[1mazurerm_linux_function_app.main: Still modifying... [id=/subscriptions/2faf0e7b-616e-44d6-aea9-...ders/Microsoft.Web/sites/unity-ci-func, 00m10s elapsed][0m[0m
[0m[1mazurerm_linux_function_app.main: Still modifying... [id=/subscriptions/2faf0e7b-616e-44d6-aea9-...ders/Microsoft.Web/sites/unity-ci-func, 00m20s elapsed][0m[0m
[0m[1mazurerm_linux_function_app.main: Still modifying... [id=/subscriptions/2faf0e7b-616e-44d6-aea9-...ders/Microsoft.Web/sites/unity-ci-func, 00m30s elapsed][0m[0m
[0m[1mazurerm_linux_function_app.main: Still modifying... [id=/subscriptions/2faf0e7b-616e-44d6-aea9-...ders/Microsoft.Web/sites/unity-ci-func, 00m40s elapsed][0m[0m
[0m[1mazurerm_linux_function_app.main: Still modifying... [id=/subscriptions/2faf0e7b-616e-44d6-aea9-...ders/Microsoft.Web/sites/unity-ci-func, 00m50s elapsed][0m[0m
[0m[1mazurerm_linux_function_app.main: Modifications complete after 51s [id=/subscriptions/2faf0e7b-616e-44d6-aea9-7b54f0664d84/resourceGroups/unity-ci-enabler-rg/providers/Microsoft.Web/sites/unity-ci-func][0m
[0m[1mazurerm_role_assignment.function_batch_contributor: Creating...[0m[0m
[0m[1mazurerm_role_assignment.function_batch_contributor: Still creating... [00m10s elapsed][0m[0m
[0m[1mazurerm_role_assignment.function_batch_contributor: Still creating... [00m20s elapsed][0m[0m
[0m[1mazurerm_role_assignment.function_batch_contributor: Creation complete after 22s [id=/subscriptions/2faf0e7b-616e-44d6-aea9-7b54f0664d84/resourceGroups/unity-ci-enabler-rg/providers/Microsoft.Batch/batchAccounts/unitycibatch/providers/Microsoft.Authorization/roleAssignments/387495b2-3d65-449a-bfd0-00bb623f22ff][0m
[0m[1m[32m
Apply complete! Resources: 1 added, 2 changed, 0 destroyed.[0m
[0m[1m[32m
Outputs:

[0mbatch_account_name = "unitycibatch"
function_app_name = "unity-ci-func"
function_app_url = "https://unity-ci-func.azurewebsites.net"
image_definition_name = "unity-ci-build-image"
image_gallery_name = "unity_ci_gallery"
key_vault_id = "/subscriptions/2faf0e7b-616e-44d6-aea9-7b54f0664d84/resourceGroups/unity-ci-enabler-rg/providers/Microsoft.KeyVault/vaults/unity-ci-kv"
key_vault_name = "unity-ci-kv"
resource_group_name = "unity-ci-enabler-rg"

