=== Command ===
az functionapp create --name unity-ci-func --resource-group unity-ci-enabler-rg --storage-account unitycifuncstorage --consumption-plan-location canadacentral --runtime custom --functions-version 4 --os-type Linux

=== Output ===
Your Linux function app 'unity-ci-func', that uses a consumption plan has been successfully created but is not active until content is published using Azure Portal or the Functions Core Tools.
Application Insights "unity-ci-func" was created for this Function App. You can visit https://portal.azure.com/#resource/subscriptions/2faf0e7b-616e-44d6-aea9-7b54f0664d84/resourceGroups/unity-ci-enabler-rg/providers/microsoft.insights/components/unity-ci-func/overview to view your Application Insights component
{
  "autoGeneratedDomainNameLabelScope": null,
  "availabilityState": "Normal",
  "clientAffinityEnabled": false,
  "clientCertEnabled": false,
  "clientCertMode": "Required",
  "defaultHostName": "unity-ci-func.azurewebsites.net",
  "enabled": true,
  "hostNames": [
    "unity-ci-func.azurewebsites.net"
  ],
  "id": "/subscriptions/2faf0e7b-616e-44d6-aea9-7b54f0664d84/resourceGroups/unity-ci-enabler-rg/providers/Microsoft.Web/sites/unity-ci-func",
  "identity": null,
  "kind": "functionapp,linux",
  "lastModifiedTimeUtc": "2026-03-10T00:13:47.030000",
  "location": "canadacentral",
  "name": "unity-ci-func",
  "reserved": true,
  "resourceGroup": "unity-ci-enabler-rg",
  "sku": "Dynamic",
  "state": "Running",
  "type": "Microsoft.Web/sites"
}

