=== Command ===
az functionapp log tail --name unity-ci-func --resource-group unity-ci-enabler-rg --debug

=== Output ===
DEBUG: cli.knack.cli: Command arguments: ['functionapp', 'log', 'tail', '--name', 'unity-ci-func', '--resource-group', 'unity-ci-enabler-rg', '--debug']
DEBUG: cli.knack.cli: __init__ debug log:
Cannot enable color.
DEBUG: cli.knack.cli: Event: Cli.PreExecute []
DEBUG: cli.knack.cli: Event: CommandParser.OnGlobalArgumentsCreate [<function CLILogging.on_global_arguments at 0x000001D92AD85440>, <function OutputProducer.on_global_arguments at 0x000001D92AF4AA20>, <function CLIQuery.on_global_arguments at 0x000001D92AF949A0>]
DEBUG: cli.knack.cli: Event: CommandInvoker.OnPreCommandTableCreate []
DEBUG: cli.azure.cli.core: Modules found from index for 'functionapp': ['azure.cli.command_modules.appservice', 'azure.cli.command_modules.serviceconnector']
DEBUG: cli.azure.cli.core: Loading command modules...
DEBUG: cli.azure.cli.core: Loaded command modules in parallel:
DEBUG: cli.azure.cli.core: Name                  Load Time    Groups  Commands
DEBUG: cli.azure.cli.core: serviceconnector          0.099        20       331
DEBUG: cli.azure.cli.core: appservice                0.436        88       299
DEBUG: cli.azure.cli.core: Total (2)                 0.437       108       630
DEBUG: cli.azure.cli.core: These extensions are not installed and will be skipped: ['azext_ai_examples', 'azext_next']
DEBUG: cli.azure.cli.core: Loading extensions:
DEBUG: cli.azure.cli.core: Name                  Load Time    Groups  Commands  Directory
DEBUG: cli.azure.cli.core: Total (0)                 0.000         0         0  
DEBUG: cli.azure.cli.core: Loaded 106 groups, 630 commands.
DEBUG: cli.azure.cli.core: Could not find a match in the command or command group table for 'functionapp log tail'. The index may be outdated.
DEBUG: cli.azure.cli.core: Loading all modules and extensions
DEBUG: cli.azure.cli.core: Discovered command modules: ['acr', 'acs', 'advisor', 'ams', 'apim', 'appconfig', 'appservice', 'aro', 'backup', 'batch', 'batchai', 'billing', 'botservice', 'cdn', 'cloud', 'cognitiveservices', 'compute_recommender', 'computefleet', 'config', 'configure', 'consumption', 'container', 'containerapp', 'cosmosdb', 'databoxedge', 'dls', 'dms', 'eventgrid', 'eventhubs', 'extension', 'feedback', 'find', 'hdinsight', 'identity', 'interactive', 'iot', 'keyvault', 'lab', 'managedservices', 'maps', 'marketplaceordering', 'monitor', 'mysql', 'netappfiles', 'network', 'policyinsights', 'postgresql', 'privatedns', 'profile', 'rdbms', 'redis', 'relay', 'resource', 'role', 'search', 'security', 'servicebus', 'serviceconnector', 'servicefabric', 'signalr', 'sql', 'sqlvm', 'storage', 'synapse', 'util', 'vm']
DEBUG: cli.azure.cli.core: Loading command modules...
DEBUG: cli.azure.cli.core: Loaded command modules in parallel:
DEBUG: cli.azure.cli.core: Name                  Load Time    Groups  Commands
DEBUG: cli.azure.cli.core: advisor                   0.007         3         6
DEBUG: cli.azure.cli.core: ams                       0.009        22       100
DEBUG: cli.azure.cli.core: appconfig                 0.008         9        47
DEBUG: cli.azure.cli.core: appservice                0.006        88       299
DEBUG: cli.azure.cli.core: apim                      0.024        14        69
DEBUG: cli.azure.cli.core: acr                       0.041        36       149
DEBUG: cli.azure.cli.core: backup                    0.014        17        65
DEBUG: cli.azure.cli.core: batchai                   0.008        10        30
DEBUG: cli.azure.cli.core: aro                       0.040         1        10
DEBUG: cli.azure.cli.core: botservice                0.020        12        42
DEBUG: cli.azure.cli.core: batch                     0.061        32        96
DEBUG: cli.azure.cli.core: cloud                     0.004         1         7
DEBUG: cli.azure.cli.core: cognitiveservices         0.008        15        59
DEBUG: cli.azure.cli.core: billing                   0.067        19        53
DEBUG: cli.azure.cli.core: compute_recommender       0.015         1         1
DEBUG: cli.azure.cli.core: config                    0.005         2         7
DEBUG: cli.azure.cli.core: configure                 0.011         2         5
DEBUG: cli.azure.cli.core: computefleet              0.032         1         1
DEBUG: cli.azure.cli.core: container                 0.025         2        17
DEBUG: cli.azure.cli.core: consumption               0.061         8         9
DEBUG: cli.azure.cli.core: cosmosdb                  0.042        61       213
DEBUG: cli.azure.cli.core: acs                       0.275        18        96
DEBUG: cli.azure.cli.core: databoxedge               0.030         2         2
DEBUG: cli.azure.cli.core: dls                       0.006         6        36
DEBUG: cli.azure.cli.core: dms                       0.009         3        22
DEBUG: cli.azure.cli.core: eventgrid                 0.009        25        96
DEBUG: cli.azure.cli.core: extension                 0.004         1         7
DEBUG: cli.azure.cli.core: feedback                  0.003         1         2
DEBUG: cli.azure.cli.core: find                      0.004         1         1
DEBUG: cli.azure.cli.core: hdinsight                 0.018        10        45
DEBUG: cli.azure.cli.core: eventhubs                 0.041        14        21
DEBUG: cli.azure.cli.core: interactive               0.002         1         1
DEBUG: cli.azure.cli.core: identity                  0.021         2         8
DEBUG: cli.azure.cli.core: keyvault                  0.016        20       114
DEBUG: cli.azure.cli.core: containerapp              0.277        39       132
DEBUG: cli.azure.cli.core: lab                       0.121         9        30
DEBUG: cli.azure.cli.core: maps                      0.008         4         8
DEBUG: cli.azure.cli.core: managedservices           0.035         3         8
DEBUG: cli.azure.cli.core: iot                       0.166        18        81
DEBUG: cli.azure.cli.core: marketplaceordering       0.012         1         2
DEBUG: cli.azure.cli.core: cdn                       0.423         8        50
DEBUG: cli.azure.cli.core: netappfiles               0.237         8        15
DEBUG: cli.azure.cli.core: mysql                     0.257        16        57
DEBUG: cli.azure.cli.core: policyinsights            0.057         9        17
DEBUG: cli.azure.cli.core: postgresql                0.108        20        88
DEBUG: cli.azure.cli.core: profile                   0.018         2         8
DEBUG: cli.azure.cli.core: privatedns                0.114        14        60
DEBUG: cli.azure.cli.core: redis                     0.009         7        38
DEBUG: cli.azure.cli.core: network                   0.550       107       353
DEBUG: cli.azure.cli.core: rdbms                     0.199        22        90
DEBUG: cli.azure.cli.core: relay                     0.163         7         8
DEBUG: cli.azure.cli.core: role                      0.007        17        62
DEBUG: cli.azure.cli.core: search                    0.040         7        20
DEBUG: cli.azure.cli.core: security                  0.041        48        98
DEBUG: cli.azure.cli.core: serviceconnector          0.028        20       331
DEBUG: cli.azure.cli.core: servicebus                0.048        13        17
DEBUG: cli.azure.cli.core: signalr                   0.007        10        42
DEBUG: cli.azure.cli.core: resource                  0.144        52       234
DEBUG: cli.azure.cli.core: servicefabric             0.056        27        80
DEBUG: cli.azure.cli.core: sql                       0.050        57       222
DEBUG: cli.azure.cli.core: synapse                   0.024        54       246
DEBUG: cli.azure.cli.core: util                      0.010         3         7
DEBUG: cli.azure.cli.core: monitor                   0.772        18        64
DEBUG: cli.azure.cli.core: sqlvm                     0.089         4        20
DEBUG: cli.azure.cli.core: storage                   0.109        61       278
DEBUG: cli.azure.cli.core: vm                        0.141        60       261
DEBUG: cli.azure.cli.core: Total (66)                1.404      1205      4763
DEBUG: cli.azure.cli.core: Loading extensions:
DEBUG: cli.azure.cli.core: Name                  Load Time    Groups  Commands  Directory
DEBUG: cli.azure.cli.core: application-insights      0.113        11        35  C:\Users\blitz\.azure\cliextensions\application-insights
DEBUG: cli.azure.cli.core: Total (1)                 0.113        11        35  
DEBUG: cli.azure.cli.core: Loaded 1201 groups, 4798 commands.
DEBUG: cli.azure.cli.core: Updated command index in 0.003 seconds.
DEBUG: cli.azure.cli.core: Cached top-level help with 91 groups and 10 commands
DEBUG: cli.knack.cli: Event: CommandInvoker.OnPreCommandTableTruncate [<function AzCliLogging.init_command_file_logging at 0x000001D92DB011C0>]
DEBUG: cli.azure.cli.core.azlogging: metadata file logging enabled - writing logs to 'C:\Users\blitz\.azure\commands\2026-03-09.21-33-16.functionapp_log.413524.log'.
INFO: az_command_data_logger: command args: functionapp log {} --name {} --resource-group {} --debug
DEBUG: cli.knack.cli: Event: CommandInvoker.OnPreArgumentLoad [<function register_global_subscription_argument.<locals>.add_subscription_parameter at 0x000001D92DB4EF20>]
DEBUG: cli.knack.cli: Event: CommandInvoker.OnPostArgumentLoad []
DEBUG: cli.knack.cli: Event: CommandInvoker.OnPostCommandTableCreate [<function register_ids_argument.<locals>.add_ids_arguments at 0x000001D92DB7D260>, <function register_cache_arguments.<locals>.add_cache_arguments at 0x000001D92DB7D440>, <function register_upcoming_breaking_change_info.<locals>.update_breaking_change_info at 0x000001D92DB7D4E0>]
DEBUG: cli.knack.cli: Event: CommandInvoker.OnCommandTableLoaded []
DEBUG: cli.knack.cli: Event: CommandInvoker.OnPreParseArgs [<function _documentdb_deprecate at 0x000001D9302977E0>]
DEBUG: cli.azure.cli.core.command_recommender: "--name" is an invalid parameter for command "functionapp log tail".
DEBUG: cli.azure.cli.core.command_recommender: "--resource-group" is an invalid parameter for command "functionapp log tail".
DEBUG: urllib3.connectionpool: Starting new HTTPS connection (1): app.aladdin.microsoft.com:443
DEBUG: urllib3.connectionpool: https://app.aladdin.microsoft.com:443 "GET /api/v1.0/suggestions?query=%7B%22command%22%3A+%22functionapp+log+tail%22%2C+%22parameters%22%3A+%22%22%7D&clientType=AzureCli&context=%7B%22versionNumber%22%3A+%222.84.0%22%2C+%22errorType%22%3A+%22UnknownSubcommand%22%2C+%22correlationId%22%3A+%2215240238-5e1a-4908-adc5-5929e9081336%22%2C+%22subscriptionId%22%3A+%222faf0e7b-616e-44d6-aea9-7b54f0664d84%22%2C+%22eventId%22%3A+%22ec6e7010-e079-46aa-99b5-51ae68b05a39%22%7D HTTP/1.1" 200 None
DEBUG: cli.azure.cli.core.command_recommender: "--name" is an invalid parameter for command "functionapp log tail".
DEBUG: cli.azure.cli.core.command_recommender: "--resource-group" is an invalid parameter for command "functionapp log tail".
DEBUG: cli.azure.cli.core.azclierror: NoneType: None

ERROR: cli.azure.cli.core.azclierror: 'tail' is misspelled or not recognized by the system.
ERROR: az_command_data_logger: 'tail' is misspelled or not recognized by the system.

Examples from AI knowledge base:
https://aka.ms/cli_ref
Read more about the command in reference docs
DEBUG: cli.knack.cli: Event: Cli.PostExecute [<function AzCliLogging.deinit_cmd_metadata_logging at 0x000001D92DB01440>]
INFO: az_command_data_logger: exit code: 2
INFO: cli.__main__: Command ran in 3.723 seconds (init: 0.287, invoke: 3.436)
INFO: telemetry.main: Begin splitting cli events and extra events, total events: 1
INFO: telemetry.client: Accumulated 0 events. Flush the clients.
INFO: telemetry.main: Finish splitting cli events and extra events, cli events: 1
INFO: telemetry.save: Save telemetry record of length 3927 in cache file under C:\Users\blitz\.azure\telemetry\20260309213317324
INFO: telemetry.main: Begin creating telemetry upload process.
INFO: telemetry.process: Creating upload process: "C:\Program Files\Microsoft SDKs\Azure\CLI2\python.exe C:\Program Files\Microsoft SDKs\Azure\CLI2\Lib\site-packages\azure\cli\telemetry\__init__.pyc C:\Users\blitz\.azure C:\Users\blitz\.azure\telemetry\20260309213317324"
INFO: telemetry.process: Return from creating process 203476
INFO: telemetry.main: Finish creating telemetry upload process.

