=== Command ===
terraform -chdir=resources/repos/unity-ci-bootstrap/terraform/persistent plan

=== Output ===
[0m[1mdata.azurerm_client_config.current: Reading...[0m[0m
[0m[1mazurerm_resource_group.main: Refreshing state... [id=/subscriptions/2faf0e7b-616e-44d6-aea9-7b54f0664d84/resourceGroups/unity-ci-enabler-rg][0m
[0m[1mdata.azurerm_client_config.current: Read complete after 0s [id=Y2xpZW50Q29uZmlncy9jbGllbnRJZD0wNGIwNzc5NS04ZGRiLTQ2MWEtYmJlZS0wMmY5ZTFiZjdiNDY7b2JqZWN0SWQ9MTRkZDlhNDUtMmQ1ZS00NjcwLTg4YjMtZTI1MWNkNzczNTE0O3N1YnNjcmlwdGlvbklkPTJmYWYwZTdiLTYxNmUtNDRkNi1hZWE5LTdiNTRmMDY2NGQ4NDt0ZW5hbnRJZD00ZGRkMzkzYS1lOThhLTQ0MDQtODQxZi1jNGJlY2RkOTI1YTU=][0m
[0m[1mazurerm_shared_image_gallery.main: Refreshing state... [id=/subscriptions/2faf0e7b-616e-44d6-aea9-7b54f0664d84/resourceGroups/unity-ci-enabler-rg/providers/Microsoft.Compute/galleries/unity_ci_gallery][0m
[0m[1mazurerm_service_plan.function: Refreshing state... [id=/subscriptions/2faf0e7b-616e-44d6-aea9-7b54f0664d84/resourceGroups/unity-ci-enabler-rg/providers/Microsoft.Web/serverFarms/unity-ci-func-plan][0m
[0m[1mazurerm_key_vault.main: Refreshing state... [id=/subscriptions/2faf0e7b-616e-44d6-aea9-7b54f0664d84/resourceGroups/unity-ci-enabler-rg/providers/Microsoft.KeyVault/vaults/unity-ci-kv][0m
[0m[1mazurerm_storage_account.function: Refreshing state... [id=/subscriptions/2faf0e7b-616e-44d6-aea9-7b54f0664d84/resourceGroups/unity-ci-enabler-rg/providers/Microsoft.Storage/storageAccounts/unitycifuncstorage][0m
[0m[1mazurerm_shared_image.main: Refreshing state... [id=/subscriptions/2faf0e7b-616e-44d6-aea9-7b54f0664d84/resourceGroups/unity-ci-enabler-rg/providers/Microsoft.Compute/galleries/unity_ci_gallery/images/unity-ci-build-image][0m
[0m[1mazurerm_batch_account.main: Refreshing state... [id=/subscriptions/2faf0e7b-616e-44d6-aea9-7b54f0664d84/resourceGroups/unity-ci-enabler-rg/providers/Microsoft.Batch/batchAccounts/unitycibatch][0m
[0m[1mazurerm_linux_function_app.main: Refreshing state... [id=/subscriptions/2faf0e7b-616e-44d6-aea9-7b54f0664d84/resourceGroups/unity-ci-enabler-rg/providers/Microsoft.Web/sites/unity-ci-func][0m

[1m[36mNote:[0m[1m Objects have changed outside of Terraform
[0m
Terraform detected the following changes made outside of Terraform since the
last "terraform apply" which may have affected this plan:

[1m  # azurerm_linux_function_app.main[0m has been deleted
[0m  [31m-[0m[0m resource "azurerm_linux_function_app" "main" {
      [31m-[0m[0m default_hostname                               = "unity-ci-func.azurewebsites.net" [90m-> null[0m[0m
        id                                             = "/subscriptions/2faf0e7b-616e-44d6-aea9-7b54f0664d84/resourceGroups/unity-ci-enabler-rg/providers/Microsoft.Web/sites/unity-ci-func"
        name                                           = "unity-ci-func"
        tags                                           = {}
        [90m# (31 unchanged attributes hidden)[0m[0m

        [90m# (1 unchanged block hidden)[0m[0m
    }

[1m  # azurerm_service_plan.function[0m has been deleted
[0m  [31m-[0m[0m resource "azurerm_service_plan" "function" {
      [31m-[0m[0m id                           = "/subscriptions/2faf0e7b-616e-44d6-aea9-7b54f0664d84/resourceGroups/unity-ci-enabler-rg/providers/Microsoft.Web/serverFarms/unity-ci-func-plan" [90m-> null[0m[0m
        name                         = "unity-ci-func-plan"
        tags                         = {}
        [90m# (11 unchanged attributes hidden)[0m[0m
    }


Unless you have made equivalent changes to your configuration, or ignored the
relevant attributes using ignore_changes, the following plan may include
actions to undo or respond to these changes.
[90m
─────────────────────────────────────────────────────────────────────────────[0m

Terraform used the selected providers to generate the following execution
plan. Resource actions are indicated with the following symbols:
  [32m+[0m create[0m
  [33m~[0m update in-place[0m

Terraform will perform the following actions:

[1m  # azurerm_key_vault.main[0m will be updated in-place
[0m  [33m~[0m[0m resource "azurerm_key_vault" "main" {
      [33m~[0m[0m access_policy                   = [
            {
                application_id          = [90mnull[0m[0m
                certificate_permissions = []
                key_permissions         = []
                object_id               = "14dd9a45-2d5e-4670-88b3-e251cd773514"
                secret_permissions      = [
                    "Get",
                    "Set",
                    "List",
                    "Delete",
                    "Purge",
                ]
                storage_permissions     = []
                tenant_id               = "4ddd393a-e98a-4404-841f-c4becdd925a5"
            },
          [31m-[0m[0m {
              [31m-[0m[0m certificate_permissions = []
              [31m-[0m[0m key_permissions         = []
              [31m-[0m[0m object_id               = "7e8e77a9-f7ea-4c24-8f82-4d5c04a87296"
              [31m-[0m[0m secret_permissions      = [
                  [31m-[0m[0m "Get",
                ]
              [31m-[0m[0m storage_permissions     = []
              [31m-[0m[0m tenant_id               = "4ddd393a-e98a-4404-841f-c4becdd925a5"
                [90m# (1 unchanged attribute hidden)[0m[0m
            },
          [31m-[0m[0m {
              [31m-[0m[0m certificate_permissions = []
              [31m-[0m[0m key_permissions         = []
              [31m-[0m[0m object_id               = "86682b03-27c2-4001-abef-5e4fe3b05c84"
              [31m-[0m[0m secret_permissions      = [
                  [31m-[0m[0m "Get",
                ]
              [31m-[0m[0m storage_permissions     = []
              [31m-[0m[0m tenant_id               = "4ddd393a-e98a-4404-841f-c4becdd925a5"
                [90m# (1 unchanged attribute hidden)[0m[0m
            },
        ]
        id                              = "/subscriptions/2faf0e7b-616e-44d6-aea9-7b54f0664d84/resourceGroups/unity-ci-enabler-rg/providers/Microsoft.KeyVault/vaults/unity-ci-kv"
        name                            = "unity-ci-kv"
        tags                            = {}
        [90m# (12 unchanged attributes hidden)[0m[0m

        [90m# (1 unchanged block hidden)[0m[0m
    }

[1m  # azurerm_key_vault_access_policy.function_app[0m will be created
[0m  [32m+[0m[0m resource "azurerm_key_vault_access_policy" "function_app" {
      [32m+[0m[0m id                 = (known after apply)
      [32m+[0m[0m key_vault_id       = "/subscriptions/2faf0e7b-616e-44d6-aea9-7b54f0664d84/resourceGroups/unity-ci-enabler-rg/providers/Microsoft.KeyVault/vaults/unity-ci-kv"
      [32m+[0m[0m object_id          = (known after apply)
      [32m+[0m[0m secret_permissions = [
          [32m+[0m[0m "Get",
        ]
      [32m+[0m[0m tenant_id          = "4ddd393a-e98a-4404-841f-c4becdd925a5"
    }

[1m  # azurerm_linux_function_app.main[0m will be created
[0m  [32m+[0m[0m resource "azurerm_linux_function_app" "main" {
      [32m+[0m[0m app_settings                                   = {
          [32m+[0m[0m "BATCH_ACCOUNT_URL" = "https://unitycibatch.canadacentral.batch.azure.com"
          [32m+[0m[0m "IMAGE_RESOURCE_ID" = "/subscriptions/2faf0e7b-616e-44d6-aea9-7b54f0664d84/resourceGroups/unity-ci-enabler-rg/providers/Microsoft.Compute/galleries/unity_ci_gallery/images/unity-ci-build-image"
          [32m+[0m[0m "KEY_VAULT_NAME"    = "unity-ci-kv"
        }
      [32m+[0m[0m builtin_logging_enabled                        = true
      [32m+[0m[0m client_certificate_enabled                     = false
      [32m+[0m[0m client_certificate_mode                        = "Optional"
      [32m+[0m[0m content_share_force_disabled                   = false
      [32m+[0m[0m custom_domain_verification_id                  = (sensitive value)
      [32m+[0m[0m daily_memory_time_quota                        = 0
      [32m+[0m[0m default_hostname                               = (known after apply)
      [32m+[0m[0m enabled                                        = true
      [32m+[0m[0m ftp_publish_basic_authentication_enabled       = true
      [32m+[0m[0m functions_extension_version                    = "~4"
      [32m+[0m[0m hosting_environment_id                         = (known after apply)
      [32m+[0m[0m https_only                                     = false
      [32m+[0m[0m id                                             = (known after apply)
      [32m+[0m[0m key_vault_reference_identity_id                = (known after apply)
      [32m+[0m[0m kind                                           = (known after apply)
      [32m+[0m[0m location                                       = "canadacentral"
      [32m+[0m[0m name                                           = "unity-ci-func"
      [32m+[0m[0m outbound_ip_address_list                       = (known after apply)
      [32m+[0m[0m outbound_ip_addresses                          = (known after apply)
      [32m+[0m[0m possible_outbound_ip_address_list              = (known after apply)
      [32m+[0m[0m possible_outbound_ip_addresses                 = (known after apply)
      [32m+[0m[0m public_network_access_enabled                  = true
      [32m+[0m[0m resource_group_name                            = "unity-ci-enabler-rg"
      [32m+[0m[0m service_plan_id                                = (known after apply)
      [32m+[0m[0m site_credential                                = (sensitive value)
      [32m+[0m[0m storage_account_access_key                     = (sensitive value)
      [32m+[0m[0m storage_account_name                           = "unitycifuncstorage"
      [32m+[0m[0m storage_uses_managed_identity                  = false
      [32m+[0m[0m webdeploy_publish_basic_authentication_enabled = true
      [32m+[0m[0m zip_deploy_file                                = (known after apply)

      [32m+[0m[0m identity {
          [32m+[0m[0m principal_id = (known after apply)
          [32m+[0m[0m tenant_id    = (known after apply)
          [32m+[0m[0m type         = "SystemAssigned"
        }

      [32m+[0m[0m site_config {
          [32m+[0m[0m always_on                               = (known after apply)
          [32m+[0m[0m app_scale_limit                         = (known after apply)
          [32m+[0m[0m container_registry_use_managed_identity = false
          [32m+[0m[0m default_documents                       = (known after apply)
          [32m+[0m[0m detailed_error_logging_enabled          = (known after apply)
          [32m+[0m[0m elastic_instance_minimum                = (known after apply)
          [32m+[0m[0m ftps_state                              = "Disabled"
          [32m+[0m[0m health_check_eviction_time_in_min       = (known after apply)
          [32m+[0m[0m http2_enabled                           = false
          [32m+[0m[0m ip_restriction_default_action           = "Allow"
          [32m+[0m[0m linux_fx_version                        = (known after apply)
          [32m+[0m[0m load_balancing_mode                     = "LeastRequests"
          [32m+[0m[0m managed_pipeline_mode                   = "Integrated"
          [32m+[0m[0m minimum_tls_version                     = "1.2"
          [32m+[0m[0m pre_warmed_instance_count               = (known after apply)
          [32m+[0m[0m remote_debugging_enabled                = false
          [32m+[0m[0m remote_debugging_version                = (known after apply)
          [32m+[0m[0m scm_ip_restriction_default_action       = "Allow"
          [32m+[0m[0m scm_minimum_tls_version                 = "1.2"
          [32m+[0m[0m scm_type                                = (known after apply)
          [32m+[0m[0m scm_use_main_ip_restriction             = false
          [32m+[0m[0m use_32_bit_worker                       = false
          [32m+[0m[0m vnet_route_all_enabled                  = false
          [32m+[0m[0m websockets_enabled                      = false
          [32m+[0m[0m worker_count                            = (known after apply)
        }
    }

[1m  # azurerm_service_plan.function[0m will be created
[0m  [32m+[0m[0m resource "azurerm_service_plan" "function" {
      [32m+[0m[0m id                           = (known after apply)
      [32m+[0m[0m kind                         = (known after apply)
      [32m+[0m[0m location                     = "canadacentral"
      [32m+[0m[0m maximum_elastic_worker_count = (known after apply)
      [32m+[0m[0m name                         = "unity-ci-func-plan"
      [32m+[0m[0m os_type                      = "Linux"
      [32m+[0m[0m per_site_scaling_enabled     = false
      [32m+[0m[0m reserved                     = (known after apply)
      [32m+[0m[0m resource_group_name          = "unity-ci-enabler-rg"
      [32m+[0m[0m sku_name                     = "Y1"
      [32m+[0m[0m worker_count                 = (known after apply)
    }

[1mPlan:[0m [0m3 to add, 1 to change, 0 to destroy.

Changes to Outputs:
  [33m~[0m[0m function_app_url      = "https://unity-ci-func.azurewebsites.net" -> (known after apply)
[90m
─────────────────────────────────────────────────────────────────────────────[0m

Note: You didn't use the -out option to save this plan, so Terraform can't
guarantee to take exactly these actions if you run "terraform apply" now.

