=== Command ===
az keyvault set-policy --name unity-ci-kv --object-id 86682b03-27c2-4001-abef-5e4fe3b05c84 --secret-permissions get

=== Output ===
{
  "id": "/subscriptions/2faf0e7b-616e-44d6-aea9-7b54f0664d84/resourceGroups/unity-ci-enabler-rg/providers/Microsoft.KeyVault/vaults/unity-ci-kv",
  "location": "canadacentral",
  "name": "unity-ci-kv",
  "properties": {
    "accessPolicies": [
      {
        "applicationId": null,
        "objectId": "14dd9a45-2d5e-4670-88b3-e251cd773514",
        "permissions": {
          "certificates": [],
          "keys": [],
          "secrets": [
            "Get",
            "Set",
            "List",
            "Delete",
            "Purge"
          ],
          "storage": []
        },
        "tenantId": "4ddd393a-e98a-4404-841f-c4becdd925a5"
      },
      {
        "applicationId": null,
        "objectId": "7e8e77a9-f7ea-4c24-8f82-4d5c04a87296",
        "permissions": {
          "certificates": null,
          "keys": null,
          "secrets": [
            "get"
          ],
          "storage": null
        },
        "tenantId": "4ddd393a-e98a-4404-841f-c4becdd925a5"
      },
      {
        "applicationId": null,
        "objectId": "86682b03-27c2-4001-abef-5e4fe3b05c84",
        "permissions": {
          "certificates": null,
          "keys": null,
          "secrets": [
            "get"
          ],
          "storage": null
        },
        "tenantId": "4ddd393a-e98a-4404-841f-c4becdd925a5"
      }
    ],
    "createMode": null,
    "enablePurgeProtection": null,
    "enableRbacAuthorization": false,
    "enableSoftDelete": true,
    "enabledForDeployment": false,
    "enabledForDiskEncryption": false,
    "enabledForTemplateDeployment": false,
    "hsmPoolResourceId": null,
    "networkAcls": null,
    "privateEndpointConnections": null,
    "provisioningState": "Succeeded",
    "publicNetworkAccess": "Enabled",
    "sku": {
      "family": "A",
      "name": "standard"
    },
    "softDeleteRetentionInDays": null,
    "tenantId": "4ddd393a-e98a-4404-841f-c4becdd925a5",
    "vaultUri": "https://unity-ci-kv.vault.azure.net/"
  },
  "resourceGroup": "unity-ci-enabler-rg",
  "systemData": {
    "createdAt": "2026-03-08T03:12:25.837000+00:00",
    "createdBy": "Jkim8918@conestogac.on.ca",
    "createdByType": "User",
    "lastModifiedAt": "2026-03-10T00:21:23.570000+00:00",
    "lastModifiedBy": "Jkim8918@conestogac.on.ca",
    "lastModifiedByType": "User"
  },
  "tags": {},
  "type": "Microsoft.KeyVault/vaults"
}

